[0m14:52:39.297778 [debug] [MainThread]: Sending event: {'category': 'dbt', 'action': 'invocation', 'label': 'start', 'context': [<snowplow_tracker.self_describing_json.SelfDescribingJson object at 0x0000025BA2D55BE0>, <snowplow_tracker.self_describing_json.SelfDescribingJson object at 0x0000025BA2D54140>, <snowplow_tracker.self_describing_json.SelfDescribingJson object at 0x0000025BA31AE5D0>]}


============================== 14:52:39.300782 | 3b3a4ed7-11d7-4846-bd43-a512f3e416d9 ==============================
[0m14:52:39.300782 [info ] [MainThread]: Running with dbt=1.11.9
[0m14:52:39.301779 [debug] [MainThread]: running dbt with arguments {'static_parser': 'True', 'no_print': 'None', 'version_check': 'True', 'target_path': 'None', 'warn_error_options': 'WarnErrorOptionsV2(error=[], warn=[], silence=[])', 'printer_width': '80', 'write_json': 'True', 'empty': 'None', 'log_cache_events': 'False', 'introspect': 'True', 'cache_selected_only': 'False', 'log_format': 'default', 'debug': 'False', 'fail_fast': 'False', 'profiles_dir': 'C:\\Users\\krichards\\.dbt', 'send_anonymous_usage_stats': 'True', 'quiet': 'False', 'warn_error': 'None', 'partial_parse': 'True', 'use_colors': 'True', 'indirect_selection': 'eager', 'invocation_command': 'dbt init earnings-call-transforms', 'use_experimental_parser': 'False', 'log_path': 'logs'}
[0m14:52:39.317803 [info ] [MainThread]: Creating dbt configuration folder at C:\Users\krichards\.dbt
[0m14:52:55.522291 [debug] [MainThread]: Starter project path: C:\Users\krichards\OneDrive - Bradley Media Holdings, Inc\Documents\GitHub\dbt-earnings-call-transformation\.venv\Lib\site-packages\dbt\include\starter_project
[0m14:52:55.552563 [info ] [MainThread]: 
Your new dbt project "earnings_call_transforms" was created!

For more information on how to configure the profiles.yml file,
please consult the dbt documentation here:

  https://docs.getdbt.com/docs/configure-your-profile

One more thing:

Need help? Don't hesitate to reach out to us via GitHub issues or on Slack:

  https://community.getdbt.com/

Happy modeling!

[0m14:52:55.552563 [info ] [MainThread]: Setting up your profile.
[0m14:53:32.253388 [info ] [MainThread]: Profile earnings_call_transforms written to C:\Users\krichards\.dbt\profiles.yml using target's profile_template.yml and your supplied values. Run 'dbt debug' to validate the connection.
[0m14:53:32.255385 [debug] [MainThread]: Command `dbt init` succeeded at 14:53:32.255385 after 53.09 seconds
[0m14:53:32.255385 [debug] [MainThread]: Sending event: {'category': 'dbt', 'action': 'invocation', 'label': 'end', 'context': [<snowplow_tracker.self_describing_json.SelfDescribingJson object at 0x0000025BA346DC40>, <snowplow_tracker.self_describing_json.SelfDescribingJson object at 0x0000025BC36F1AC0>, <snowplow_tracker.self_describing_json.SelfDescribingJson object at 0x0000025BC3435F70>]}
[0m14:53:32.255385 [debug] [MainThread]: Flushing usage events
[0m14:53:32.735838 [debug] [MainThread]: An error was encountered while trying to flush usage events
[0m14:53:42.580206 [debug] [MainThread]: Sending event: {'category': 'dbt', 'action': 'invocation', 'label': 'start', 'context': [<snowplow_tracker.self_describing_json.SelfDescribingJson object at 0x000002537122C3E0>, <snowplow_tracker.self_describing_json.SelfDescribingJson object at 0x000002537122F290>, <snowplow_tracker.self_describing_json.SelfDescribingJson object at 0x000002537122F380>]}


============================== 14:53:42.584160 | 69d597b2-9332-42d6-8e8a-442753b9f8af ==============================
[0m14:53:42.584160 [info ] [MainThread]: Running with dbt=1.11.9
[0m14:53:42.584160 [debug] [MainThread]: running dbt with arguments {'static_parser': 'True', 'no_print': 'None', 'version_check': 'True', 'warn_error_options': 'WarnErrorOptionsV2(error=[], warn=[], silence=[])', 'target_path': 'None', 'printer_width': '80', 'write_json': 'True', 'introspect': 'True', 'log_cache_events': 'False', 'empty': 'None', 'cache_selected_only': 'False', 'log_format': 'default', 'debug': 'False', 'fail_fast': 'False', 'profiles_dir': 'C:\\Users\\krichards\\.dbt', 'send_anonymous_usage_stats': 'True', 'quiet': 'False', 'warn_error': 'None', 'partial_parse': 'True', 'invocation_command': 'dbt debug', 'use_colors': 'True', 'indirect_selection': 'eager', 'use_experimental_parser': 'False', 'log_path': 'logs'}
[0m14:53:42.599303 [info ] [MainThread]: dbt version: 1.11.9
[0m14:53:42.599303 [info ] [MainThread]: python version: 3.12.10
[0m14:53:42.599303 [info ] [MainThread]: python path: C:\Users\krichards\OneDrive - Bradley Media Holdings, Inc\Documents\GitHub\dbt-earnings-call-transformation\.venv\Scripts\python.exe
[0m14:53:42.600303 [info ] [MainThread]: os info: Windows-11-10.0.26200-SP0
[0m14:53:43.316048 [info ] [MainThread]: Using profiles dir at C:\Users\krichards\.dbt
[0m14:53:43.317047 [info ] [MainThread]: Using profiles.yml file at C:\Users\krichards\.dbt\profiles.yml
[0m14:53:43.317047 [info ] [MainThread]: Using dbt_project.yml file at C:\Users\krichards\OneDrive - Bradley Media Holdings, Inc\Documents\GitHub\dbt-earnings-call-transformation\dbt_project.yml
[0m14:53:43.318048 [info ] [MainThread]: adapter type: bigquery
[0m14:53:43.319047 [info ] [MainThread]: adapter version: 1.11.1
[0m14:53:43.319047 [info ] [MainThread]: Configuration:
[0m14:53:43.320047 [info ] [MainThread]:   profiles.yml file [[32mOK found and valid[0m]
[0m14:53:43.320047 [info ] [MainThread]:   dbt_project.yml file [[31mERROR not found[0m]
[0m14:53:43.321047 [info ] [MainThread]: Required dependencies:
[0m14:53:43.321047 [debug] [MainThread]: Executing "git --help"
[0m14:53:43.362740 [debug] [MainThread]: STDOUT: "b"usage: git [-v | --version] [-h | --help] [-C <path>] [-c <name>=<value>]\n           [--exec-path[=<path>]] [--html-path] [--man-path] [--info-path]\n           [-p | --paginate | -P | --no-pager] [--no-replace-objects] [--no-lazy-fetch]\n           [--no-optional-locks] [--no-advice] [--bare] [--git-dir=<path>]\n           [--work-tree=<path>] [--namespace=<name>] [--config-env=<name>=<envvar>]\n           <command> [<args>]\n\nThese are common Git commands used in various situations:\n\nstart a working area (see also: git help tutorial)\n   clone      Clone a repository into a new directory\n   init       Create an empty Git repository or reinitialize an existing one\n\nwork on the current change (see also: git help everyday)\n   add        Add file contents to the index\n   mv         Move or rename a file, a directory, or a symlink\n   restore    Restore working tree files\n   rm         Remove files from the working tree and from the index\n\nexamine the history and state (see also: git help revisions)\n   bisect     Use binary search to find the commit that introduced a bug\n   diff       Show changes between commits, commit and working tree, etc\n   grep       Print lines matching a pattern\n   log        Show commit logs\n   show       Show various types of objects\n   status     Show the working tree status\n\ngrow, mark and tweak your common history\n   backfill   Download missing objects in a partial clone\n   branch     List, create, or delete branches\n   commit     Record changes to the repository\n   history    EXPERIMENTAL: Rewrite history\n   merge      Join two or more development histories together\n   rebase     Reapply commits on top of another base tip\n   reset      Set `HEAD` or the index to a known state\n   switch     Switch branches\n   tag        Create, list, delete or verify tags\n\ncollaborate (see also: git help workflows)\n   fetch      Download objects and refs from another repository\n   pull       Fetch from and integrate with another repository or a local branch\n   push       Update remote refs along with associated objects\n\n'git help -a' and 'git help -g' list available subcommands and some\nconcept guides. See 'git help <command>' or 'git help <concept>'\nto read about a specific subcommand or concept.\nSee 'git help git' for an overview of the system.\n""
[0m14:53:43.363740 [debug] [MainThread]: STDERR: "b''"
[0m14:53:43.363740 [info ] [MainThread]:  - git [[32mOK found[0m]

[0m14:53:43.364736 [info ] [MainThread]: Connection:
[0m14:53:43.364736 [info ] [MainThread]:   method: oauth
[0m14:53:43.364736 [info ] [MainThread]:   database: sri-benchmarking-databases
[0m14:53:43.365739 [info ] [MainThread]:   execution_project: sri-benchmarking-databases
[0m14:53:43.365739 [info ] [MainThread]:   schema: pressure_monitoring
[0m14:53:43.365739 [info ] [MainThread]:   location: US
[0m14:53:43.366736 [info ] [MainThread]:   priority: interactive
[0m14:53:43.366736 [info ] [MainThread]:   maximum_bytes_billed: None
[0m14:53:43.366736 [info ] [MainThread]:   impersonate_service_account: None
[0m14:53:43.366736 [info ] [MainThread]:   job_retry_deadline_seconds: None
[0m14:53:43.366736 [info ] [MainThread]:   job_retries: 1
[0m14:53:43.367738 [info ] [MainThread]:   job_creation_timeout_seconds: None
[0m14:53:43.367738 [info ] [MainThread]:   job_execution_timeout_seconds: 300
[0m14:53:43.367738 [info ] [MainThread]:   timeout_seconds: 300
[0m14:53:43.367738 [info ] [MainThread]:   client_id: None
[0m14:53:43.367738 [info ] [MainThread]:   token_uri: None
[0m14:53:43.367738 [info ] [MainThread]:   compute_region: None
[0m14:53:43.368737 [info ] [MainThread]:   dataproc_cluster_name: None
[0m14:53:43.368737 [info ] [MainThread]:   gcs_bucket: None
[0m14:53:43.368737 [info ] [MainThread]:   dataproc_batch: None
[0m14:53:43.368737 [info ] [MainThread]: Registered adapter: bigquery=1.11.1
[0m14:53:43.574169 [debug] [MainThread]: Acquiring new bigquery connection 'debug'
[0m14:53:43.575169 [debug] [MainThread]: On debug: select 1 as id
[0m14:53:43.575169 [debug] [MainThread]: Opening a new connection, currently in state init
[0m14:53:45.826951 [debug] [MainThread]: BigQuery adapter: https://console.cloud.google.com/bigquery?project=sri-benchmarking-databases&j=bq:US:d11daece-7e30-49c6-b656-c3fd30d0074f&page=queryresults
[0m14:53:46.131793 [debug] [MainThread]: SQL status: OK in 0.304 seconds
[0m14:53:49.717361 [info ] [MainThread]:   Connection test: [[32mOK connection ok[0m]

[0m14:53:49.718361 [info ] [MainThread]: [31m1 check failed:[0m
[0m14:53:49.719365 [info ] [MainThread]: Project loading failed for the following reason:
 project path <C:\Users\krichards\OneDrive - Bradley Media Holdings, Inc\Documents\GitHub\dbt-earnings-call-transformation\dbt_project.yml> not found

[0m14:53:49.719365 [debug] [MainThread]: Command `dbt debug` failed at 14:53:49.719365 after 7.28 seconds
[0m14:53:49.720363 [debug] [MainThread]: Connection 'debug' was properly closed.
[0m14:53:49.720363 [debug] [MainThread]: Sending event: {'category': 'dbt', 'action': 'invocation', 'label': 'end', 'context': [<snowplow_tracker.self_describing_json.SelfDescribingJson object at 0x0000025370DAA780>, <snowplow_tracker.self_describing_json.SelfDescribingJson object at 0x0000025370DAA810>, <snowplow_tracker.self_describing_json.SelfDescribingJson object at 0x0000025370BC5BE0>]}
[0m14:53:49.720363 [debug] [MainThread]: Flushing usage events
[0m14:53:50.174283 [debug] [MainThread]: An error was encountered while trying to flush usage events
[0m08:46:43.736402 [debug] [MainThread]: Sending event: {'category': 'dbt', 'action': 'invocation', 'label': 'start', 'context': [<snowplow_tracker.self_describing_json.SelfDescribingJson object at 0x000002B9406DF860>, <snowplow_tracker.self_describing_json.SelfDescribingJson object at 0x000002B9403B9130>, <snowplow_tracker.self_describing_json.SelfDescribingJson object at 0x000002B9404051F0>]}


============================== 08:46:43.751397 | 75b99678-7926-472b-a3f2-05cf96bf9599 ==============================
[0m08:46:43.751397 [info ] [MainThread]: Running with dbt=1.11.9
[0m08:46:43.753397 [debug] [MainThread]: running dbt with arguments {'static_parser': 'True', 'no_print': 'None', 'version_check': 'True', 'warn_error_options': 'WarnErrorOptionsV2(error=[], warn=[], silence=[])', 'target_path': 'None', 'printer_width': '80', 'write_json': 'True', 'empty': 'False', 'log_cache_events': 'False', 'introspect': 'True', 'cache_selected_only': 'False', 'fail_fast': 'False', 'debug': 'False', 'log_format': 'default', 'profiles_dir': 'C:\\Users\\krichards\\OneDrive - Bradley Media Holdings, Inc\\Documents\\GitHub\\dbt-earnings-call-transformation', 'send_anonymous_usage_stats': 'True', 'quiet': 'False', 'warn_error': 'None', 'partial_parse': 'True', 'use_colors': 'True', 'invocation_command': 'dbt build --full-refresh', 'indirect_selection': 'eager', 'use_experimental_parser': 'False', 'log_path': 'logs'}
[0m08:46:43.754399 [error] [MainThread]: Encountered an error:
Runtime Error
  No dbt_project.yml found at expected path C:\Users\krichards\OneDrive - Bradley Media Holdings, Inc\Documents\GitHub\dbt-earnings-call-transformation\dbt_project.yml
  Verify that each entry within packages.yml (and their transitive dependencies) contains a file named dbt_project.yml
  
[0m08:46:43.757398 [debug] [MainThread]: Command `dbt build` failed at 08:46:43.756398 after 0.20 seconds
[0m08:46:43.758398 [debug] [MainThread]: Sending event: {'category': 'dbt', 'action': 'invocation', 'label': 'end', 'context': [<snowplow_tracker.self_describing_json.SelfDescribingJson object at 0x000002B940DA58B0>, <snowplow_tracker.self_describing_json.SelfDescribingJson object at 0x000002B940DA6690>, <snowplow_tracker.self_describing_json.SelfDescribingJson object at 0x000002B9403B9130>]}
[0m08:46:43.758398 [debug] [MainThread]: Flushing usage events
[0m08:46:44.453171 [debug] [MainThread]: An error was encountered while trying to flush usage events
[0m08:25:05.498964 [debug] [MainThread]: Sending event: {'category': 'dbt', 'action': 'invocation', 'label': 'start', 'context': [<snowplow_tracker.self_describing_json.SelfDescribingJson object at 0x000001CD10231D00>, <snowplow_tracker.self_describing_json.SelfDescribingJson object at 0x000001CD123DF410>, <snowplow_tracker.self_describing_json.SelfDescribingJson object at 0x000001CD12A41EB0>]}


============================== 08:25:05.593283 | 908b887a-6bcb-4942-af7d-12f7d982b453 ==============================
[0m08:25:05.593283 [info ] [MainThread]: Running with dbt=1.11.9
[0m08:25:05.594296 [debug] [MainThread]: running dbt with arguments {'version_check': 'True', 'no_print': 'None', 'static_parser': 'True', 'warn_error_options': 'WarnErrorOptionsV2(error=[], warn=[], silence=[])', 'target_path': 'None', 'printer_width': '80', 'write_json': 'True', 'empty': 'None', 'log_cache_events': 'False', 'introspect': 'True', 'cache_selected_only': 'False', 'log_format': 'default', 'debug': 'False', 'fail_fast': 'False', 'profiles_dir': 'C:\\Users\\krichards\\OneDrive - Bradley Media Holdings, Inc\\Documents\\GitHub\\dbt-earnings-call-transformation', 'send_anonymous_usage_stats': 'True', 'quiet': 'False', 'warn_error': 'None', 'partial_parse': 'True', 'invocation_command': 'dbt docs generate', 'use_colors': 'True', 'indirect_selection': 'eager', 'use_experimental_parser': 'False', 'log_path': 'logs'}
[0m08:25:05.595294 [error] [MainThread]: Encountered an error:
Runtime Error
  No dbt_project.yml found at expected path C:\Users\krichards\OneDrive - Bradley Media Holdings, Inc\Documents\GitHub\dbt-earnings-call-transformation\dbt_project.yml
  Verify that each entry within packages.yml (and their transitive dependencies) contains a file named dbt_project.yml
  
[0m08:25:05.597293 [debug] [MainThread]: Command `dbt docs generate` failed at 08:25:05.597293 after 0.25 seconds
[0m08:25:05.597293 [debug] [MainThread]: Sending event: {'category': 'dbt', 'action': 'invocation', 'label': 'end', 'context': [<snowplow_tracker.self_describing_json.SelfDescribingJson object at 0x000001CD13036780>, <snowplow_tracker.self_describing_json.SelfDescribingJson object at 0x000001CD130370B0>, <snowplow_tracker.self_describing_json.SelfDescribingJson object at 0x000001CD149EE120>]}
[0m08:25:05.598294 [debug] [MainThread]: Flushing usage events
[0m08:25:06.123936 [debug] [MainThread]: An error was encountered while trying to flush usage events
